<html>
<head>
<title>TestNG:  manager </title>
<link href="../testng.css" rel="stylesheet" type="text/css" />
<link href="../my-testng.css" rel="stylesheet" type="text/css" />

<style type="text/css">
.log { display: none;} 
.stack-trace { display: none;} 
</style>
<script type="text/javascript">
<!--
function flip(e) {
  current = e.style.display;
  if (current == 'block') {
    e.style.display = 'none';
    return 0;
  }
  else {
    e.style.display = 'block';
    return 1;
  }
}

function toggleBox(szDivId, elem, msg1, msg2)
{
  var res = -1;  if (document.getElementById) {
    res = flip(document.getElementById(szDivId));
  }
  else if (document.all) {
    // this is the way old msie versions work
    res = flip(document.all[szDivId]);
  }
  if(elem) {
    if(res == 0) elem.innerHTML = msg1; else elem.innerHTML = msg2;
  }

}

function toggleAllBoxes() {
  if (document.getElementsByTagName) {
    d = document.getElementsByTagName('div');
    for (i = 0; i < d.length; i++) {
      if (d[i].className == 'log') {
        flip(d[i]);
      }
    }
  }
}

// -->
</script>

</head>
<body>
<h2 align='center'>manager </h2><table border='1' align="center">
<tr>
<td>Tests passed/Failed/Skipped:</td><td>9/1/1</td>
</tr><tr>
<td>Started on:</td><td>Tue Aug 02 20:39:49 IST 2022</td>
</tr>
<tr><td>Total time:</td><td>20 seconds (20301 ms)</td>
</tr><tr>
<td>Included groups:</td><td></td>
</tr><tr>
<td>Excluded groups:</td><td></td>
</tr>
</table><p/>
<small><i>(Hover the method name to see the test class name)</i></small><p/>
<table width='100%' border='1' class='invocation-failed'>
<tr><td colspan='4' align='center'><b>FAILED TESTS</b></td></tr>
<tr><td><b>Test method</b></td>
<td width="30%"><b>Exception</b></td>
<td width="10%"><b>Time (seconds)</b></td>
<td><b>Instance</b></td>
</tr>
<tr>
<td title='testcases.OpenAccountTest.openAccountForExistingCustomers()'><b>openAccountForExistingCustomers</b><br>Test class: testcases.OpenAccountTest<br>Test method: Creating accounts for existing customers<br>Parameters: Akshay kumbhar, Dollar, 1324.0</td>
<td><div><pre>org.openqa.selenium.NoSuchElementException: Cannot locate element with text: Akshay kumbhar
For documentation on this error, please visit: http://seleniumhq.org/exceptions/no_such_element.html
Build info: version: &apos;3.141.5&apos;, revision: &apos;d54ebd709a&apos;, time: &apos;2018-11-06T11:42:16&apos;
System info: host: &apos;LAPTOP-IKS9SD1L&apos;, ip: &apos;192.168.194.1&apos;, os.name: &apos;Windows 10&apos;, os.arch: &apos;amd64&apos;, os.version: &apos;10.0&apos;, java.version: &apos;15.0.2&apos;
Driver info: driver.version: unknown
	at org.openqa.selenium.support.ui.Select.selectByVisibleText(Select.java:141)
	at base.BaseTest.selectFromDropdown(BaseTest.java:106)
	at testcases.OpenAccountTest.openAccountForExistingCustomers(OpenAccountTest.java:21)
	at java.base/java.util.concurrent.FutureTask.run(FutureTask.java:264)
	at java.base/java.util.concurrent.ThreadPoolExecutor.runWorker(ThreadPoolExecutor.java:1130)
	at java.base/java.util.concurrent.ThreadPoolExecutor$Worker.run(ThreadPoolExecutor.java:630)
	at java.base/java.lang.Thread.run(Thread.java:832)
... Removed 16 stack frames</pre></div><a href='#' onClick='toggleBox("stack-trace1633548098", this, "Click to show all stack frames", "Click to hide stack frames")'>Click to show all stack frames</a>
<div class='stack-trace' id='stack-trace1633548098'><pre>org.openqa.selenium.NoSuchElementException: Cannot locate element with text: Akshay kumbhar
For documentation on this error, please visit: http://seleniumhq.org/exceptions/no_such_element.html
Build info: version: &apos;3.141.5&apos;, revision: &apos;d54ebd709a&apos;, time: &apos;2018-11-06T11:42:16&apos;
System info: host: &apos;LAPTOP-IKS9SD1L&apos;, ip: &apos;192.168.194.1&apos;, os.name: &apos;Windows 10&apos;, os.arch: &apos;amd64&apos;, os.version: &apos;10.0&apos;, java.version: &apos;15.0.2&apos;
Driver info: driver.version: unknown
	at org.openqa.selenium.support.ui.Select.selectByVisibleText(Select.java:141)
	at base.BaseTest.selectFromDropdown(BaseTest.java:106)
	at testcases.OpenAccountTest.openAccountForExistingCustomers(OpenAccountTest.java:21)
	at java.base/jdk.internal.reflect.NativeMethodAccessorImpl.invoke0(Native Method)
	at java.base/jdk.internal.reflect.NativeMethodAccessorImpl.invoke(NativeMethodAccessorImpl.java:64)
	at java.base/jdk.internal.reflect.DelegatingMethodAccessorImpl.invoke(DelegatingMethodAccessorImpl.java:43)
	at java.base/java.lang.reflect.Method.invoke(Method.java:564)
	at org.testng.internal.MethodInvocationHelper.invokeMethod(MethodInvocationHelper.java:124)
	at org.testng.internal.Invoker.invokeMethod(Invoker.java:583)
	at org.testng.internal.Invoker.invokeTestMethod(Invoker.java:719)
	at org.testng.internal.Invoker.invokeTestMethods(Invoker.java:989)
	at org.testng.internal.TestMethodWorker.invokeTestMethods(TestMethodWorker.java:125)
	at org.testng.internal.TestMethodWorker.run(TestMethodWorker.java:109)
	at org.testng.TestRunner.privateRun(TestRunner.java:648)
	at org.testng.TestRunner.run(TestRunner.java:505)
	at org.testng.SuiteRunner.runTest(SuiteRunner.java:455)
	at org.testng.SuiteRunner.access$000(SuiteRunner.java:40)
	at org.testng.SuiteRunner$SuiteWorker.run(SuiteRunner.java:489)
	at org.testng.internal.thread.ThreadUtil$1.call(ThreadUtil.java:52)
	at java.base/java.util.concurrent.FutureTask.run(FutureTask.java:264)
	at java.base/java.util.concurrent.ThreadPoolExecutor.runWorker(ThreadPoolExecutor.java:1130)
	at java.base/java.util.concurrent.ThreadPoolExecutor$Worker.run(ThreadPoolExecutor.java:630)
	at java.base/java.lang.Thread.run(Thread.java:832)
</pre></div></td>
<td>10</td>
<td>testcases.OpenAccountTest@5c80cf32</td></tr>
</table><p>
<table width='100%' border='1' class='invocation-passed'>
<tr><td colspan='4' align='center'><b>PASSED TESTS</b></td></tr>
<tr><td><b>Test method</b></td>
<td width="30%"><b>Exception</b></td>
<td width="10%"><b>Time (seconds)</b></td>
<td><b>Instance</b></td>
</tr>
<tr>
<td title='testcases.addCustomerTest.addCustomerTest()'><b>addCustomerTest</b><br>Test class: testcases.addCustomerTest<br>Test method: Creating different types of customers<br>Parameters: ravi, nangare, 411046.0, 6</td>
<td></td>
<td>0</td>
<td>testcases.addCustomerTest@6f53b8a</td></tr>
<tr>
<td title='testcases.addCustomerTest.addCustomerTest()'><b>addCustomerTest</b><br>Test class: testcases.addCustomerTest<br>Test method: Creating different types of customers<br>Parameters: utkarshaa, nangare, 431517.0, 7</td>
<td></td>
<td>1</td>
<td>testcases.addCustomerTest@6f53b8a</td></tr>
<tr>
<td title='testcases.addCustomerTest.addCustomerTest()'><b>addCustomerTest</b><br>Test class: testcases.addCustomerTest<br>Test method: Creating different types of customers<br>Parameters: sharad, rathod, 411121.0, 8</td>
<td></td>
<td>1</td>
<td>testcases.addCustomerTest@6f53b8a</td></tr>
<tr>
<td title='testcases.addCustomerTest.addCustomerTest()'><b>addCustomerTest</b><br>Test class: testcases.addCustomerTest<br>Test method: Creating different types of customers<br>Parameters: pratik, sangale, 435465.0, 9</td>
<td></td>
<td>1</td>
<td>testcases.addCustomerTest@6f53b8a</td></tr>
<tr>
<td title='testcases.addCustomerTest.addCustomerTest()'><b>addCustomerTest</b><br>Test class: testcases.addCustomerTest<br>Test method: Creating different types of customers<br>Parameters: Amardeep , jadhav, 23424S, 10</td>
<td></td>
<td>1</td>
<td>testcases.addCustomerTest@6f53b8a</td></tr>
<tr>
<td title='testcases.addCustomerTest.addCustomerTest()'><b>addCustomerTest</b><br>Test class: testcases.addCustomerTest<br>Test method: Creating different types of customers<br>Parameters: Prabhu , jeet, 432717.0, 11.0</td>
<td></td>
<td>0</td>
<td>testcases.addCustomerTest@6f53b8a</td></tr>
<tr>
<td title='testcases.addCustomerTest.addCustomerTest()'><b>addCustomerTest</b><br>Test class: testcases.addCustomerTest<br>Test method: Creating different types of customers<br>Parameters: aditi, wakhare, 412213.0, 12.0</td>
<td></td>
<td>0</td>
<td>testcases.addCustomerTest@6f53b8a</td></tr>
<tr>
<td title='testcases.addCustomerTest.addCustomerTest()'><b>addCustomerTest</b><br>Test class: testcases.addCustomerTest<br>Test method: Creating different types of customers<br>Parameters: akshay, kumbhar, 411046.0, 13.0</td>
<td></td>
<td>1</td>
<td>testcases.addCustomerTest@6f53b8a</td></tr>
<tr>
<td title='testcases.OpenAccountTest.openAccountForExistingCustomers()'><b>openAccountForExistingCustomers</b><br>Test class: testcases.OpenAccountTest<br>Test method: Creating accounts for existing customers<br>Parameters: ravi nangare, Dollar, 1016</td>
<td></td>
<td>0</td>
<td>testcases.OpenAccountTest@5c80cf32</td></tr>
</table><p>
<table width='100%' border='1' class='invocation-skipped'>
<tr><td colspan='4' align='center'><b>SKIPPED TESTS</b></td></tr>
<tr><td><b>Test method</b></td>
<td width="30%"><b>Exception</b></td>
<td width="10%"><b>Time (seconds)</b></td>
<td><b>Instance</b></td>
</tr>
<tr>
<td title='testcases.addCustomerTest.screenshotValidationAmeo()'><b>screenshotValidationAmeo</b><br>Test class: testcases.addCustomerTest<br>Test method: Fail test to verify screenshot feature</td>
<td><div><pre>org.testng.SkipException: Skipping the test: screenshotValidationAmeo because is not approved to run
	at listener.Listener.onTestStart(Listener.java:23)
	at java.base/java.util.concurrent.FutureTask.run(FutureTask.java:264)
	at java.base/java.util.concurrent.ThreadPoolExecutor.runWorker(ThreadPoolExecutor.java:1130)
	at java.base/java.util.concurrent.ThreadPoolExecutor$Worker.run(ThreadPoolExecutor.java:630)
	at java.base/java.lang.Thread.run(Thread.java:832)
... Removed 13 stack frames</pre></div><a href='#' onClick='toggleBox("stack-trace1940370808", this, "Click to show all stack frames", "Click to hide stack frames")'>Click to show all stack frames</a>
<div class='stack-trace' id='stack-trace1940370808'><pre>org.testng.SkipException: Skipping the test: screenshotValidationAmeo because is not approved to run
	at listener.Listener.onTestStart(Listener.java:23)
	at org.testng.internal.TestListenerHelper.runTestListeners(TestListenerHelper.java:73)
	at org.testng.internal.Invoker.runTestListeners(Invoker.java:1389)
	at org.testng.internal.Invoker.invokeMethod(Invoker.java:559)
	at org.testng.internal.Invoker.invokeTestMethod(Invoker.java:719)
	at org.testng.internal.Invoker.invokeTestMethods(Invoker.java:989)
	at org.testng.internal.TestMethodWorker.invokeTestMethods(TestMethodWorker.java:125)
	at org.testng.internal.TestMethodWorker.run(TestMethodWorker.java:109)
	at org.testng.TestRunner.privateRun(TestRunner.java:648)
	at org.testng.TestRunner.run(TestRunner.java:505)
	at org.testng.SuiteRunner.runTest(SuiteRunner.java:455)
	at org.testng.SuiteRunner.access$000(SuiteRunner.java:40)
	at org.testng.SuiteRunner$SuiteWorker.run(SuiteRunner.java:489)
	at org.testng.internal.thread.ThreadUtil$1.call(ThreadUtil.java:52)
	at java.base/java.util.concurrent.FutureTask.run(FutureTask.java:264)
	at java.base/java.util.concurrent.ThreadPoolExecutor.runWorker(ThreadPoolExecutor.java:1130)
	at java.base/java.util.concurrent.ThreadPoolExecutor$Worker.run(ThreadPoolExecutor.java:630)
	at java.base/java.lang.Thread.run(Thread.java:832)
</pre></div></td>
<td>0</td>
<td>testcases.addCustomerTest@6f53b8a</td></tr>
</table><p>
</body>
</html>