<?xml version="1.0" encoding="UTF-8"?>
<!-- Generated by org.testng.reporters.JUnitXMLReporter -->
<testsuite ignored="1" hostname="LAPTOP-IKS9SD1L" failures="1" tests="11" name="manager " time="20.301" errors="0" timestamp="02 Aug 2022 15:10:09 GMT">
  <testcase classname="testcases.addCustomerTest" name="addCustomerTest" time="0.843"/>
  <testcase classname="testcases.addCustomerTest" name="addCustomerTest" time="1.142"/>
  <testcase classname="testcases.addCustomerTest" name="addCustomerTest" time="1.186"/>
  <testcase classname="testcases.addCustomerTest" name="addCustomerTest" time="1.083"/>
  <testcase classname="testcases.addCustomerTest" name="addCustomerTest" time="1.029"/>
  <testcase classname="testcases.addCustomerTest" name="addCustomerTest" time="0.969"/>
  <testcase classname="testcases.addCustomerTest" name="addCustomerTest" time="0.966"/>
  <testcase classname="testcases.addCustomerTest" name="addCustomerTest" time="1.06"/>
  <testcase classname="testcases.OpenAccountTest" name="openAccountForExistingCustomers" time="0.978"/>
  <testcase classname="testcases.OpenAccountTest" name="openAccountForExistingCustomers" time="10.482">
    <failure type="org.openqa.selenium.NoSuchElementException" message="Cannot locate element with text: Akshay kumbhar
For documentation on this error, please visit: http://seleniumhq.org/exceptions/no_such_element.html
Build info: version: &amp;apos;3.141.5&amp;apos;, revision: &amp;apos;d54ebd709a&amp;apos;, time: &amp;apos;2018-11-06T11:42:16&amp;apos;
System info: host: &amp;apos;LAPTOP-IKS9SD1L&amp;apos;, ip: &amp;apos;192.168.194.1&amp;apos;, os.name: &amp;apos;Windows 10&amp;apos;, os.arch: &amp;apos;amd64&amp;apos;, os.version: &amp;apos;10.0&amp;apos;, java.version: &amp;apos;15.0.2&amp;apos;
Driver info: driver.version: unknown">
      <![CDATA[org.openqa.selenium.NoSuchElementException: Cannot locate element with text: Akshay kumbhar
For documentation on this error, please visit: http://seleniumhq.org/exceptions/no_such_element.html
Build info: version: '3.141.5', revision: 'd54ebd709a', time: '2018-11-06T11:42:16'
System info: host: 'LAPTOP-IKS9SD1L', ip: '192.168.194.1', os.name: 'Windows 10', os.arch: 'amd64', os.version: '10.0', java.version: '15.0.2'
Driver info: driver.version: unknown
at org.openqa.selenium.support.ui.Select.selectByVisibleText(Select.java:141)
at base.BaseTest.selectFromDropdown(BaseTest.java:106)
at testcases.OpenAccountTest.openAccountForExistingCustomers(OpenAccountTest.java:21)
at java.base/java.util.concurrent.FutureTask.run(FutureTask.java:264)
at java.base/java.util.concurrent.ThreadPoolExecutor.runWorker(ThreadPoolExecutor.java:1130)
at java.base/java.util.concurrent.ThreadPoolExecutor$Worker.run(ThreadPoolExecutor.java:630)
at java.base/java.lang.Thread.run(Thread.java:832)
... Removed 16 stack frames]]>
    </failure>
  </testcase> <!-- openAccountForExistingCustomers -->
  <testcase classname="testcases.addCustomerTest" name="screenshotValidationAmeo" time="0.025">
    <skipped/>
  </testcase> <!-- screenshotValidationAmeo -->
  <testcase classname="base.BaseTest" name="@AfterSuite tearDown" time="0.0">
    <ignored/>
  </testcase> <!-- @AfterSuite tearDown -->
</testsuite> <!-- manager  -->
