<?xml version="1.0" encoding="UTF-8"?>
<testng-results ignored="1" total="14" passed="11" failed="1" skipped="1">
  <reporter-output>
  </reporter-output>
  <suite started-at="2022-08-02T15:09:38Z" name="BankSuite" finished-at="2022-08-02T15:10:09Z" duration-ms="31575">
    <groups>
    </groups>
    <test started-at="2022-08-02T15:09:38Z" name="LoginTest" finished-at="2022-08-02T15:09:49Z" duration-ms="10849">
      <class name="testcases.LoginTest">
        <test-method is-config="true" signature="SetUp(java.lang.String)[pri:0, instance:testcases.LoginTest@6be968ce]" started-at="2022-08-02T15:09:38Z" name="SetUp" finished-at="2022-08-02T15:09:45Z" duration-ms="7247" status="PASS">
          <params>
            <param index="0">
              <value>
                <![CDATA[Chrome]]>
              </value>
            </param>
          </params>
          <reporter-output>
          </reporter-output>
        </test-method> <!-- SetUp -->
        <test-method signature="LoginsAsManager()[pri:1, instance:testcases.LoginTest@6be968ce]" started-at="2022-08-02T15:09:45Z" name="LoginsAsManager" description="Login as Manager" finished-at="2022-08-02T15:09:48Z" duration-ms="3105" status="PASS">
          <reporter-output>
          </reporter-output>
        </test-method> <!-- LoginsAsManager -->
        <test-method signature="LoginsAsMember()[pri:1, instance:testcases.LoginTest@6be968ce]" started-at="2022-08-02T15:09:48Z" name="LoginsAsMember" description="Login as Member" finished-at="2022-08-02T15:09:49Z" duration-ms="441" status="PASS">
          <reporter-output>
          </reporter-output>
        </test-method> <!-- LoginsAsMember -->
      </class> <!-- testcases.LoginTest -->
    </test> <!-- LoginTest -->
    <test started-at="2022-08-02T15:09:49Z" name="manager " finished-at="2022-08-02T15:10:09Z" duration-ms="20301">
      <class name="testcases.addCustomerTest">
        <test-method is-config="true" signature="SetUp(java.lang.String)[pri:0, instance:testcases.addCustomerTest@6f53b8a]" started-at="2022-08-02T15:09:49Z" name="SetUp" finished-at="2022-08-02T15:09:49Z" duration-ms="0" status="PASS">
          <params>
            <param index="0">
              <value>
                <![CDATA[Chrome]]>
              </value>
            </param>
          </params>
          <reporter-output>
          </reporter-output>
        </test-method> <!-- SetUp -->
        <test-method signature="addCustomerTest(java.lang.String, java.lang.String, java.lang.String, java.lang.String)[pri:2, instance:testcases.addCustomerTest@6f53b8a]" started-at="2022-08-02T15:09:49Z" name="addCustomerTest" description="Creating different types of customers" data-provider="addCustomer" finished-at="2022-08-02T15:09:50Z" duration-ms="843" status="PASS">
          <params>
            <param index="0">
              <value>
                <![CDATA[ravi]]>
              </value>
            </param>
            <param index="1">
              <value>
                <![CDATA[nangare]]>
              </value>
            </param>
            <param index="2">
              <value>
                <![CDATA[411046.0]]>
              </value>
            </param>
            <param index="3">
              <value>
                <![CDATA[6]]>
              </value>
            </param>
          </params>
          <reporter-output>
          </reporter-output>
        </test-method> <!-- addCustomerTest -->
        <test-method signature="addCustomerTest(java.lang.String, java.lang.String, java.lang.String, java.lang.String)[pri:2, instance:testcases.addCustomerTest@6f53b8a]" started-at="2022-08-02T15:09:50Z" name="addCustomerTest" description="Creating different types of customers" data-provider="addCustomer" finished-at="2022-08-02T15:09:51Z" duration-ms="1142" status="PASS">
          <params>
            <param index="0">
              <value>
                <![CDATA[utkarshaa]]>
              </value>
            </param>
            <param index="1">
              <value>
                <![CDATA[nangare]]>
              </value>
            </param>
            <param index="2">
              <value>
                <![CDATA[431517.0]]>
              </value>
            </param>
            <param index="3">
              <value>
                <![CDATA[7]]>
              </value>
            </param>
          </params>
          <reporter-output>
          </reporter-output>
        </test-method> <!-- addCustomerTest -->
        <test-method signature="addCustomerTest(java.lang.String, java.lang.String, java.lang.String, java.lang.String)[pri:2, instance:testcases.addCustomerTest@6f53b8a]" started-at="2022-08-02T15:09:51Z" name="addCustomerTest" description="Creating different types of customers" data-provider="addCustomer" finished-at="2022-08-02T15:09:52Z" duration-ms="1186" status="PASS">
          <params>
            <param index="0">
              <value>
                <![CDATA[sharad]]>
              </value>
            </param>
            <param index="1">
              <value>
                <![CDATA[rathod]]>
              </value>
            </param>
            <param index="2">
              <value>
                <![CDATA[411121.0]]>
              </value>
            </param>
            <param index="3">
              <value>
                <![CDATA[8]]>
              </value>
            </param>
          </params>
          <reporter-output>
          </reporter-output>
        </test-method> <!-- addCustomerTest -->
        <test-method signature="addCustomerTest(java.lang.String, java.lang.String, java.lang.String, java.lang.String)[pri:2, instance:testcases.addCustomerTest@6f53b8a]" started-at="2022-08-02T15:09:52Z" name="addCustomerTest" description="Creating different types of customers" data-provider="addCustomer" finished-at="2022-08-02T15:09:53Z" duration-ms="1083" status="PASS">
          <params>
            <param index="0">
              <value>
                <![CDATA[pratik]]>
              </value>
            </param>
            <param index="1">
              <value>
                <![CDATA[sangale]]>
              </value>
            </param>
            <param index="2">
              <value>
                <![CDATA[435465.0]]>
              </value>
            </param>
            <param index="3">
              <value>
                <![CDATA[9]]>
              </value>
            </param>
          </params>
          <reporter-output>
          </reporter-output>
        </test-method> <!-- addCustomerTest -->
        <test-method signature="addCustomerTest(java.lang.String, java.lang.String, java.lang.String, java.lang.String)[pri:2, instance:testcases.addCustomerTest@6f53b8a]" started-at="2022-08-02T15:09:53Z" name="addCustomerTest" description="Creating different types of customers" data-provider="addCustomer" finished-at="2022-08-02T15:09:54Z" duration-ms="1029" status="PASS">
          <params>
            <param index="0">
              <value>
                <![CDATA[Amardeep ]]>
              </value>
            </param>
            <param index="1">
              <value>
                <![CDATA[jadhav]]>
              </value>
            </param>
            <param index="2">
              <value>
                <![CDATA[23424S]]>
              </value>
            </param>
            <param index="3">
              <value>
                <![CDATA[10]]>
              </value>
            </param>
          </params>
          <reporter-output>
          </reporter-output>
        </test-method> <!-- addCustomerTest -->
        <test-method signature="addCustomerTest(java.lang.String, java.lang.String, java.lang.String, java.lang.String)[pri:2, instance:testcases.addCustomerTest@6f53b8a]" started-at="2022-08-02T15:09:54Z" name="addCustomerTest" description="Creating different types of customers" data-provider="addCustomer" finished-at="2022-08-02T15:09:55Z" duration-ms="969" status="PASS">
          <params>
            <param index="0">
              <value>
                <![CDATA[Prabhu ]]>
              </value>
            </param>
            <param index="1">
              <value>
                <![CDATA[jeet]]>
              </value>
            </param>
            <param index="2">
              <value>
                <![CDATA[432717.0]]>
              </value>
            </param>
            <param index="3">
              <value>
                <![CDATA[11.0]]>
              </value>
            </param>
          </params>
          <reporter-output>
          </reporter-output>
        </test-method> <!-- addCustomerTest -->
        <test-method signature="addCustomerTest(java.lang.String, java.lang.String, java.lang.String, java.lang.String)[pri:2, instance:testcases.addCustomerTest@6f53b8a]" started-at="2022-08-02T15:09:55Z" name="addCustomerTest" description="Creating different types of customers" data-provider="addCustomer" finished-at="2022-08-02T15:09:56Z" duration-ms="966" status="PASS">
          <params>
            <param index="0">
              <value>
                <![CDATA[aditi]]>
              </value>
            </param>
            <param index="1">
              <value>
                <![CDATA[wakhare]]>
              </value>
            </param>
            <param index="2">
              <value>
                <![CDATA[412213.0]]>
              </value>
            </param>
            <param index="3">
              <value>
                <![CDATA[12.0]]>
              </value>
            </param>
          </params>
          <reporter-output>
          </reporter-output>
        </test-method> <!-- addCustomerTest -->
        <test-method signature="addCustomerTest(java.lang.String, java.lang.String, java.lang.String, java.lang.String)[pri:2, instance:testcases.addCustomerTest@6f53b8a]" started-at="2022-08-02T15:09:56Z" name="addCustomerTest" description="Creating different types of customers" data-provider="addCustomer" finished-at="2022-08-02T15:09:57Z" duration-ms="1060" status="PASS">
          <params>
            <param index="0">
              <value>
                <![CDATA[akshay]]>
              </value>
            </param>
            <param index="1">
              <value>
                <![CDATA[kumbhar]]>
              </value>
            </param>
            <param index="2">
              <value>
                <![CDATA[411046.0]]>
              </value>
            </param>
            <param index="3">
              <value>
                <![CDATA[13.0]]>
              </value>
            </param>
          </params>
          <reporter-output>
          </reporter-output>
        </test-method> <!-- addCustomerTest -->
        <test-method signature="screenshotValidationAmeo()[pri:99, instance:testcases.addCustomerTest@6f53b8a]" started-at="2022-08-02T15:10:09Z" name="screenshotValidationAmeo" description="Fail test to verify screenshot feature" finished-at="2022-08-02T15:10:09Z" duration-ms="25" status="SKIP">
          <exception class="org.testng.SkipException">
            <message>
              <![CDATA[Skipping the test: screenshotValidationAmeo because is not approved to run]]>
            </message>
            <full-stacktrace>
              <![CDATA[org.testng.SkipException: Skipping the test: screenshotValidationAmeo because is not approved to run
at listener.Listener.onTestStart(Listener.java:23)
at org.testng.internal.TestListenerHelper.runTestListeners(TestListenerHelper.java:73)
at org.testng.internal.Invoker.runTestListeners(Invoker.java:1389)
at org.testng.internal.Invoker.invokeMethod(Invoker.java:559)
at org.testng.internal.Invoker.invokeTestMethod(Invoker.java:719)
at org.testng.internal.Invoker.invokeTestMethods(Invoker.java:989)
at org.testng.internal.TestMethodWorker.invokeTestMethods(TestMethodWorker.java:125)
at org.testng.internal.TestMethodWorker.run(TestMethodWorker.java:109)
at org.testng.TestRunner.privateRun(TestRunner.java:648)
at org.testng.TestRunner.run(TestRunner.java:505)
at org.testng.SuiteRunner.runTest(SuiteRunner.java:455)
at org.testng.SuiteRunner.access$000(SuiteRunner.java:40)
at org.testng.SuiteRunner$SuiteWorker.run(SuiteRunner.java:489)
at org.testng.internal.thread.ThreadUtil$1.call(ThreadUtil.java:52)
at java.base/java.util.concurrent.FutureTask.run(FutureTask.java:264)
at java.base/java.util.concurrent.ThreadPoolExecutor.runWorker(ThreadPoolExecutor.java:1130)
at java.base/java.util.concurrent.ThreadPoolExecutor$Worker.run(ThreadPoolExecutor.java:630)
at java.base/java.lang.Thread.run(Thread.java:832)
]]>
            </full-stacktrace>
          </exception> <!-- org.testng.SkipException -->
          <reporter-output>
          </reporter-output>
        </test-method> <!-- screenshotValidationAmeo -->
        <test-method is-config="true" signature="tearDown()[pri:0, instance:testcases.addCustomerTest@6f53b8a]" started-at="2022-08-02T15:10:09Z" name="tearDown" finished-at="2022-08-02T15:10:10Z" duration-ms="1004" status="PASS">
          <reporter-output>
          </reporter-output>
        </test-method> <!-- tearDown -->
      </class> <!-- testcases.addCustomerTest -->
      <class name="testcases.OpenAccountTest">
        <test-method is-config="true" signature="SetUp(java.lang.String)[pri:0, instance:testcases.OpenAccountTest@5c80cf32]" started-at="2022-08-02T15:09:57Z" name="SetUp" finished-at="2022-08-02T15:09:57Z" duration-ms="2" status="PASS">
          <params>
            <param index="0">
              <value>
                <![CDATA[Chrome]]>
              </value>
            </param>
          </params>
          <reporter-output>
          </reporter-output>
        </test-method> <!-- SetUp -->
        <test-method signature="openAccountForExistingCustomers(java.lang.String, java.lang.String, java.lang.String)[pri:3, instance:testcases.OpenAccountTest@5c80cf32]" started-at="2022-08-02T15:09:58Z" name="openAccountForExistingCustomers" description="Creating accounts for existing customers" data-provider="openAccount" finished-at="2022-08-02T15:09:59Z" duration-ms="978" status="PASS">
          <params>
            <param index="0">
              <value>
                <![CDATA[ravi nangare]]>
              </value>
            </param>
            <param index="1">
              <value>
                <![CDATA[Dollar]]>
              </value>
            </param>
            <param index="2">
              <value>
                <![CDATA[1016]]>
              </value>
            </param>
          </params>
          <reporter-output>
          </reporter-output>
        </test-method> <!-- openAccountForExistingCustomers -->
        <test-method signature="openAccountForExistingCustomers(java.lang.String, java.lang.String, java.lang.String)[pri:3, instance:testcases.OpenAccountTest@5c80cf32]" started-at="2022-08-02T15:09:59Z" name="openAccountForExistingCustomers" description="Creating accounts for existing customers" data-provider="openAccount" finished-at="2022-08-02T15:10:09Z" duration-ms="10482" status="FAIL">
          <params>
            <param index="0">
              <value>
                <![CDATA[Akshay kumbhar]]>
              </value>
            </param>
            <param index="1">
              <value>
                <![CDATA[Dollar]]>
              </value>
            </param>
            <param index="2">
              <value>
                <![CDATA[1324.0]]>
              </value>
            </param>
          </params>
          <exception class="org.openqa.selenium.NoSuchElementException">
            <message>
              <![CDATA[Cannot locate element with text: Akshay kumbhar
For documentation on this error, please visit: http://seleniumhq.org/exceptions/no_such_element.html
Build info: version: '3.141.5', revision: 'd54ebd709a', time: '2018-11-06T11:42:16'
System info: host: 'LAPTOP-IKS9SD1L', ip: '192.168.194.1', os.name: 'Windows 10', os.arch: 'amd64', os.version: '10.0', java.version: '15.0.2'
Driver info: driver.version: unknown]]>
            </message>
            <full-stacktrace>
              <![CDATA[org.openqa.selenium.NoSuchElementException: Cannot locate element with text: Akshay kumbhar
For documentation on this error, please visit: http://seleniumhq.org/exceptions/no_such_element.html
Build info: version: '3.141.5', revision: 'd54ebd709a', time: '2018-11-06T11:42:16'
System info: host: 'LAPTOP-IKS9SD1L', ip: '192.168.194.1', os.name: 'Windows 10', os.arch: 'amd64', os.version: '10.0', java.version: '15.0.2'
Driver info: driver.version: unknown
at org.openqa.selenium.support.ui.Select.selectByVisibleText(Select.java:141)
at base.BaseTest.selectFromDropdown(BaseTest.java:106)
at testcases.OpenAccountTest.openAccountForExistingCustomers(OpenAccountTest.java:21)
at java.base/jdk.internal.reflect.NativeMethodAccessorImpl.invoke0(Native Method)
at java.base/jdk.internal.reflect.NativeMethodAccessorImpl.invoke(NativeMethodAccessorImpl.java:64)
at java.base/jdk.internal.reflect.DelegatingMethodAccessorImpl.invoke(DelegatingMethodAccessorImpl.java:43)
at java.base/java.lang.reflect.Method.invoke(Method.java:564)
at org.testng.internal.MethodInvocationHelper.invokeMethod(MethodInvocationHelper.java:124)
at org.testng.internal.Invoker.invokeMethod(Invoker.java:583)
at org.testng.internal.Invoker.invokeTestMethod(Invoker.java:719)
at org.testng.internal.Invoker.invokeTestMethods(Invoker.java:989)
at org.testng.internal.TestMethodWorker.invokeTestMethods(TestMethodWorker.java:125)
at org.testng.internal.TestMethodWorker.run(TestMethodWorker.java:109)
at org.testng.TestRunner.privateRun(TestRunner.java:648)
at org.testng.TestRunner.run(TestRunner.java:505)
at org.testng.SuiteRunner.runTest(SuiteRunner.java:455)
at org.testng.SuiteRunner.access$000(SuiteRunner.java:40)
at org.testng.SuiteRunner$SuiteWorker.run(SuiteRunner.java:489)
at org.testng.internal.thread.ThreadUtil$1.call(ThreadUtil.java:52)
at java.base/java.util.concurrent.FutureTask.run(FutureTask.java:264)
at java.base/java.util.concurrent.ThreadPoolExecutor.runWorker(ThreadPoolExecutor.java:1130)
at java.base/java.util.concurrent.ThreadPoolExecutor$Worker.run(ThreadPoolExecutor.java:630)
at java.base/java.lang.Thread.run(Thread.java:832)
]]>
            </full-stacktrace>
          </exception> <!-- org.openqa.selenium.NoSuchElementException -->
          <reporter-output>
          </reporter-output>
        </test-method> <!-- openAccountForExistingCustomers -->
      </class> <!-- testcases.OpenAccountTest -->
    </test> <!-- manager  -->
  </suite> <!-- BankSuite -->
</testng-results>
