<?xml version="1.0" encoding="UTF-8"?>
<!-- Generated by org.testng.reporters.JUnitXMLReporter -->
<testsuite ignored="0" hostname="LAPTOP-IKS9SD1L" failures="1" tests="2" name="LoginTest" time="2.243" errors="0" timestamp="15 Jul 2022 09:42:28 GMT">
  <testcase classname="base.BaseTest" name="@BeforeClass SetUp" time="2.152">
    <failure type="org.openqa.selenium.WebDriverException" message="unknown error: cannot find Chrome binary
Build info: version: &amp;apos;3.141.5&amp;apos;, revision: &amp;apos;d54ebd709a&amp;apos;, time: &amp;apos;2018-11-06T11:42:16&amp;apos;
System info: host: &amp;apos;LAPTOP-IKS9SD1L&amp;apos;, ip: &amp;apos;192.168.194.1&amp;apos;, os.name: &amp;apos;Windows 10&amp;apos;, os.arch: &amp;apos;amd64&amp;apos;, os.version: &amp;apos;10.0&amp;apos;, java.version: &amp;apos;15.0.2&amp;apos;
Driver info: driver.version: ChromeDriver
remote stacktrace: Backtrace:
	Ordinal0 [0x00C00C83+1707139]
	Ordinal0 [0x00B668F1+1075441]
	Ordinal0 [0x00ADDFC9+516041]
	Ordinal0 [0x00A6C70E+50958]
	Ordinal0 [0x00A8BFD7+180183]
	Ordinal0 [0x00A8BDDD+179677]
	Ordinal0 [0x00A89D4B+171339]
	Ordinal0 [0x00A71D4A+73034]
	Ordinal0 [0x00A72DC0+77248]
	Ordinal0 [0x00A72D59+77145]
	Ordinal0 [0x00B7BB67+1162087]
	GetHandleVerifier [0x00C9A966+508998]
	GetHandleVerifier [0x00C9A6A4+508292]
	GetHandleVerifier [0x00CAF7B7+594583]
	GetHandleVerifier [0x00C9B1D6+511158]
	Ordinal0 [0x00B7402C+1130540]
	Ordinal0 [0x00B7D4CB+1168587]
	Ordinal0 [0x00B7D633+1168947]
	Ordinal0 [0x00B95B35+1268533]
	BaseThreadInitThunk [0x76476739+25]
	RtlGetFullPathName_UEx [0x77098FEF+1215]
	RtlGetFullPathName_UEx [0x77098FBD+1165]
">
      <![CDATA[org.openqa.selenium.WebDriverException: unknown error: cannot find Chrome binary
Build info: version: '3.141.5', revision: 'd54ebd709a', time: '2018-11-06T11:42:16'
System info: host: 'LAPTOP-IKS9SD1L', ip: '192.168.194.1', os.name: 'Windows 10', os.arch: 'amd64', os.version: '10.0', java.version: '15.0.2'
Driver info: driver.version: ChromeDriver
remote stacktrace: Backtrace:
Ordinal0 [0x00C00C83+1707139]
Ordinal0 [0x00B668F1+1075441]
Ordinal0 [0x00ADDFC9+516041]
Ordinal0 [0x00A6C70E+50958]
Ordinal0 [0x00A8BFD7+180183]
Ordinal0 [0x00A8BDDD+179677]
Ordinal0 [0x00A89D4B+171339]
Ordinal0 [0x00A71D4A+73034]
Ordinal0 [0x00A72DC0+77248]
Ordinal0 [0x00A72D59+77145]
Ordinal0 [0x00B7BB67+1162087]
GetHandleVerifier [0x00C9A966+508998]
GetHandleVerifier [0x00C9A6A4+508292]
GetHandleVerifier [0x00CAF7B7+594583]
GetHandleVerifier [0x00C9B1D6+511158]
Ordinal0 [0x00B7402C+1130540]
Ordinal0 [0x00B7D4CB+1168587]
Ordinal0 [0x00B7D633+1168947]
Ordinal0 [0x00B95B35+1268533]
BaseThreadInitThunk [0x76476739+25]
RtlGetFullPathName_UEx [0x77098FEF+1215]
RtlGetFullPathName_UEx [0x77098FBD+1165]

at org.openqa.selenium.remote.W3CHandshakeResponse.lambda$errorHandler$0(W3CHandshakeResponse.java:62)
at org.openqa.selenium.remote.HandshakeResponse.lambda$getResponseFunction$0(HandshakeResponse.java:30)
at org.openqa.selenium.remote.ProtocolHandshake.lambda$createSession$0(ProtocolHandshake.java:123)
at java.base/java.util.stream.ReferencePipeline$3$1.accept(ReferencePipeline.java:195)
at java.base/java.util.Spliterators$ArraySpliterator.tryAdvance(Spliterators.java:958)
at java.base/java.util.stream.ReferencePipeline.forEachWithCancel(ReferencePipeline.java:127)
at java.base/java.util.stream.AbstractPipeline.copyIntoWithCancel(AbstractPipeline.java:502)
at java.base/java.util.stream.AbstractPipeline.copyInto(AbstractPipeline.java:488)
at java.base/java.util.stream.AbstractPipeline.wrapAndCopyInto(AbstractPipeline.java:474)
at java.base/java.util.stream.FindOps$FindOp.evaluateSequential(FindOps.java:150)
at java.base/java.util.stream.AbstractPipeline.evaluate(AbstractPipeline.java:234)
at java.base/java.util.stream.ReferencePipeline.findFirst(ReferencePipeline.java:543)
at org.openqa.selenium.remote.ProtocolHandshake.createSession(ProtocolHandshake.java:125)
at org.openqa.selenium.remote.ProtocolHandshake.createSession(ProtocolHandshake.java:74)
at org.openqa.selenium.remote.HttpCommandExecutor.execute(HttpCommandExecutor.java:136)
at org.openqa.selenium.remote.service.DriverCommandExecutor.execute(DriverCommandExecutor.java:83)
at org.openqa.selenium.remote.RemoteWebDriver.execute(RemoteWebDriver.java:552)
at org.openqa.selenium.remote.RemoteWebDriver.startSession(RemoteWebDriver.java:213)
at org.openqa.selenium.remote.RemoteWebDriver.<init>(RemoteWebDriver.java:131)
at org.openqa.selenium.chrome.ChromeDriver.<init>(ChromeDriver.java:181)
at org.openqa.selenium.chrome.ChromeDriver.<init>(ChromeDriver.java:168)
at org.openqa.selenium.chrome.ChromeDriver.<init>(ChromeDriver.java:123)
at base.BaseTest.SetUp(BaseTest.java:62)
at java.base/java.util.concurrent.FutureTask.run(FutureTask.java:264)
at java.base/java.util.concurrent.ThreadPoolExecutor.runWorker(ThreadPoolExecutor.java:1130)
at java.base/java.util.concurrent.ThreadPoolExecutor$Worker.run(ThreadPoolExecutor.java:630)
at java.base/java.lang.Thread.run(Thread.java:832)
... Removed 22 stack frames]]>
    </failure>
  </testcase> <!-- @BeforeClass SetUp -->
  <testcase classname="testcases.LoginTest" name="LoginsAsManager" time="0.0">
    <skipped/>
  </testcase> <!-- LoginsAsManager -->
  <testcase classname="testcases.LoginTest" name="LoginsAsManager" time="0.076">
    <failure type="java.lang.NullPointerException" message="Cannot invoke &amp;quot;com.relevantcodes.extentreports.ExtentTest.log(com.relevantcodes.extentreports.LogStatus, String)&amp;quot; because the return value of &amp;quot;utilities.ExtentReports.ExtentTestManager.getTest()&amp;quot; is null">
      <![CDATA[java.lang.NullPointerException: Cannot invoke "com.relevantcodes.extentreports.ExtentTest.log(com.relevantcodes.extentreports.LogStatus, String)" because the return value of "utilities.ExtentReports.ExtentTestManager.getTest()" is null
at listener.Listener.onTestSkipped(Listener.java:61)
at java.base/java.util.concurrent.FutureTask.run(FutureTask.java:264)
at java.base/java.util.concurrent.ThreadPoolExecutor.runWorker(ThreadPoolExecutor.java:1130)
at java.base/java.util.concurrent.ThreadPoolExecutor$Worker.run(ThreadPoolExecutor.java:630)
at java.base/java.lang.Thread.run(Thread.java:832)
... Removed 14 stack frames]]>
    </failure>
  </testcase> <!-- LoginsAsManager -->
</testsuite> <!-- LoginTest -->
